Flow report for Lab2_C
Fri Nov 25 09:13:03 2022
Quartus II 64-Bit Version 13.1.0 Build 162 10/23/2013 SJ Full Version


---------------------
; Table of Contents ;
---------------------
  1. Legal Notice
  2. Flow Summary
  3. Flow Settings
  4. Flow Messages
  5. Flow Suppressed Messages



----------------
; Legal Notice ;
----------------
Copyright (C) 1991-2013 Altera Corporation
Your use of Altera Corporation's design tools, logic functions 
and other software and tools, and its AMPP partner logic 
functions, and any output files from any of the foregoing 
(including device programming or simulation files), and any 
associated documentation or information are expressly subject 
to the terms and conditions of the Altera Program License 
Subscription Agreement, Altera MegaCore Function License 
Agreement, or other applicable license agreement, including, 
without limitation, that your use is for the sole purpose of 
programming logic devices manufactured by Altera and sold by 
Altera or its authorized distributors.  Please refer to the 
applicable agreement for further details.



+----------------------------------------------------------------------------------+
; Flow Summary                                                                     ;
+------------------------------------+---------------------------------------------+
; Flow Status                        ; Successful - Fri Nov 25 09:13:03 2022       ;
; Quartus II 64-Bit Version          ; 13.1.0 Build 162 10/23/2013 SJ Full Version ;
; Revision Name                      ; Lab2_C                                      ;
; Top-level Entity Name              ; FA_4B                                       ;
; Family                             ; Cyclone III                                 ;
; Device                             ; EP3C120F780C7                               ;
; Timing Models                      ; Final                                       ;
; Total logic elements               ; 0 / 119,088 ( 0 % )                         ;
;     Total combinational functions  ; 0 / 119,088 ( 0 % )                         ;
;     Dedicated logic registers      ; 0 / 119,088 ( 0 % )                         ;
; Total registers                    ; 0                                           ;
; Total pins                         ; 0 / 532 ( 0 % )                             ;
; Total virtual pins                 ; 0                                           ;
; Total memory bits                  ; 0 / 3,981,312 ( 0 % )                       ;
; Embedded Multiplier 9-bit elements ; 0 / 576 ( 0 % )                             ;
; Total PLLs                         ; 0 / 4 ( 0 % )                               ;
+------------------------------------+---------------------------------------------+


+-----------------------------------------+
; Flow Settings                           ;
+-------------------+---------------------+
; Option            ; Setting             ;
+-------------------+---------------------+
; Start date & time ; 11/25/2022 09:12:59 ;
; Main task         ; Compilation         ;
; Revision Name     ; Lab2_C              ;
+-------------------+---------------------+


