Info: Start Nativelink Simulation process
Info: NativeLink has detected VHDL design -- VHDL simulation models will be used

========= EDA Simulation Settings =====================

Sim Mode              :  RTL
Family                :  cycloneiii
Quartus root          :  d:/altera/13.1/quartus/bin64/
Quartus sim root      :  d:/altera/13.1/quartus/eda/sim_lib
Simulation Tool       :  modelsim-altera
Simulation Language   :  vhdl
Version               :  93
Simulation Mode       :  GUI
Sim Output File       :  
Sim SDF file          :  
Sim dir               :  simulation\modelsim

=======================================================

Error: Can't create directory C:/Users/Asus/Desktop/Laboratorio 2 TyDD2/proyecto/Parte B/C:/Users/Yo/Desktop/proyecto/Parte B
Info: Starting NativeLink simulation with ModelSim-Altera software
Sourced NativeLink script d:/altera/13.1/quartus/common/tcl/internal/nativelink/modelsim.tcl
Warning: File Lab2_B_run_msim_rtl_vhdl.do already exists - backing up current file as Lab2_B_run_msim_rtl_vhdl.do.bak8
Info: Spawning ModelSim-Altera Simulation software 
