Flow report for Lab2_B
Thu Nov 24 12:22:39 2022
Quartus II 64-Bit Version 13.1.0 Build 162 10/23/2013 SJ Full Version


---------------------
; Table of Contents ;
---------------------
  1. Legal Notice
  2. Flow Summary
  3. Flow Settings
  4. Flow Non-Default Global Settings
  5. Flow Elapsed Time
  6. Flow OS Summary
  7. Flow Log
  8. Flow Messages
  9. Flow Suppressed Messages



----------------
; Legal Notice ;
----------------
Copyright (C) 1991-2013 Altera Corporation
Your use of Altera Corporation's design tools, logic functions 
and other software and tools, and its AMPP partner logic 
functions, and any output files from any of the foregoing 
(including device programming or simulation files), and any 
associated documentation or information are expressly subject 
to the terms and conditions of the Altera Program License 
Subscription Agreement, Altera MegaCore Function License 
Agreement, or other applicable license agreement, including, 
without limitation, that your use is for the sole purpose of 
programming logic devices manufactured by Altera and sold by 
Altera or its authorized distributors.  Please refer to the 
applicable agreement for further details.



+----------------------------------------------------------------------------------+
; Flow Summary                                                                     ;
+------------------------------------+---------------------------------------------+
; Flow Status                        ; Successful - Thu Nov 24 12:22:39 2022       ;
; Quartus II 64-Bit Version          ; 13.1.0 Build 162 10/23/2013 SJ Full Version ;
; Revision Name                      ; Lab2_B                                      ;
; Top-level Entity Name              ; FULL_ADDER                                  ;
; Family                             ; Cyclone III                                 ;
; Device                             ; EP3C120F780C7                               ;
; Timing Models                      ; Final                                       ;
; Total logic elements               ; 5 / 119,088 ( < 1 % )                       ;
;     Total combinational functions  ; 2 / 119,088 ( < 1 % )                       ;
;     Dedicated logic registers      ; 5 / 119,088 ( < 1 % )                       ;
; Total registers                    ; 5                                           ;
; Total pins                         ; 6 / 532 ( 1 % )                             ;
; Total virtual pins                 ; 0                                           ;
; Total memory bits                  ; 0 / 3,981,312 ( 0 % )                       ;
; Embedded Multiplier 9-bit elements ; 0 / 576 ( 0 % )                             ;
; Total PLLs                         ; 0 / 4 ( 0 % )                               ;
+------------------------------------+---------------------------------------------+


+-----------------------------------------+
; Flow Settings                           ;
+-------------------+---------------------+
; Option            ; Setting             ;
+-------------------+---------------------+
; Start date & time ; 11/24/2022 12:22:17 ;
; Main task         ; Compilation         ;
; Revision Name     ; Lab2_B              ;
+-------------------+---------------------+


+----------------------------------------------------------------------------------------------------------------------------+
; Flow Non-Default Global Settings                                                                                           ;
+--------------------------------------+--------------------------------------+---------------+-------------+----------------+
; Assignment Name                      ; Value                                ; Default Value ; Entity Name ; Section Id     ;
+--------------------------------------+--------------------------------------+---------------+-------------+----------------+
; COMPILER_SIGNATURE_ID                ; 233497586676218.166930333703708      ; --            ; --          ; --             ;
; EDA_DESIGN_INSTANCE_NAME             ; uut                                  ; --            ; --          ; FULL_ADDER     ;
; EDA_GENERATE_FUNCTIONAL_NETLIST      ; On                                   ; --            ; --          ; eda_simulation ;
; EDA_NATIVELINK_SIMULATION_TEST_BENCH ; FULL_ADDER                           ; --            ; --          ; eda_simulation ;
; EDA_NETLIST_WRITER_OUTPUT_DIR        ; C:/Users/Yo/Desktop/proyecto/Parte B ; --            ; --          ; eda_simulation ;
; EDA_OUTPUT_DATA_FORMAT               ; Vhdl                                 ; --            ; --          ; eda_simulation ;
; EDA_SIMULATION_TOOL                  ; ModelSim-Altera (VHDL)               ; <None>        ; --          ; --             ;
; EDA_TEST_BENCH_ENABLE_STATUS         ; TEST_BENCH_MODE                      ; --            ; --          ; eda_simulation ;
; EDA_TEST_BENCH_FILE                  ; FULL_ADDER_testbench.vhd             ; --            ; --          ; FULL_ADDER     ;
; EDA_TEST_BENCH_MODULE_NAME           ; FULL_ADDER                           ; --            ; --          ; FULL_ADDER     ;
; EDA_TEST_BENCH_NAME                  ; FULL_ADDER                           ; --            ; --          ; eda_simulation ;
; EDA_TEST_BENCH_RUN_SIM_FOR           ; 100 ns                               ; --            ; --          ; FULL_ADDER     ;
; EDA_TIME_SCALE                       ; 1 ps                                 ; --            ; --          ; eda_simulation ;
; MAX_CORE_JUNCTION_TEMP               ; 85                                   ; --            ; --          ; --             ;
; MIN_CORE_JUNCTION_TEMP               ; 0                                    ; --            ; --          ; --             ;
; NOMINAL_CORE_SUPPLY_VOLTAGE          ; 1.2V                                 ; --            ; --          ; --             ;
; PARTITION_COLOR                      ; 16764057                             ; --            ; FULL_ADDER  ; Top            ;
; PARTITION_FITTER_PRESERVATION_LEVEL  ; PLACEMENT_AND_ROUTING                ; --            ; FULL_ADDER  ; Top            ;
; PARTITION_NETLIST_TYPE               ; SOURCE                               ; --            ; FULL_ADDER  ; Top            ;
; PROJECT_OUTPUT_DIRECTORY             ; output_files                         ; --            ; --          ; --             ;
; TOP_LEVEL_ENTITY                     ; FULL_ADDER                           ; Lab2_B        ; --          ; --             ;
+--------------------------------------+--------------------------------------+---------------+-------------+----------------+


+-------------------------------------------------------------------------------------------------------------------------------+
; Flow Elapsed Time                                                                                                             ;
+---------------------------+--------------+-------------------------+---------------------+------------------------------------+
; Module Name               ; Elapsed Time ; Average Processors Used ; Peak Virtual Memory ; Total CPU Time (on all processors) ;
+---------------------------+--------------+-------------------------+---------------------+------------------------------------+
; Analysis & Synthesis      ; 00:00:01     ; 1.0                     ; 4700 MB             ; 00:00:01                           ;
; Fitter                    ; 00:00:12     ; 1.9                     ; 5709 MB             ; 00:00:16                           ;
; Assembler                 ; 00:00:00     ; 1.0                     ; 4561 MB             ; 00:00:00                           ;
; TimeQuest Timing Analyzer ; 00:00:02     ; 1.0                     ; 4779 MB             ; 00:00:01                           ;
; EDA Netlist Writer        ; 00:00:01     ; 1.0                     ; 4568 MB             ; 00:00:00                           ;
; Total                     ; 00:00:16     ; --                      ; --                  ; 00:00:18                           ;
+---------------------------+--------------+-------------------------+---------------------+------------------------------------+


+----------------------------------------------------------------------------------------+
; Flow OS Summary                                                                        ;
+---------------------------+------------------+-----------+------------+----------------+
; Module Name               ; Machine Hostname ; OS Name   ; OS Version ; Processor type ;
+---------------------------+------------------+-----------+------------+----------------+
; Analysis & Synthesis      ; JIMMY            ; Windows 7 ; 6.2        ; x86_64         ;
; Fitter                    ; JIMMY            ; Windows 7 ; 6.2        ; x86_64         ;
; Assembler                 ; JIMMY            ; Windows 7 ; 6.2        ; x86_64         ;
; TimeQuest Timing Analyzer ; JIMMY            ; Windows 7 ; 6.2        ; x86_64         ;
; EDA Netlist Writer        ; JIMMY            ; Windows 7 ; 6.2        ; x86_64         ;
+---------------------------+------------------+-----------+------------+----------------+


------------
; Flow Log ;
------------
quartus_map --read_settings_files=on --write_settings_files=off Lab2_B -c Lab2_B
quartus_fit --read_settings_files=off --write_settings_files=off Lab2_B -c Lab2_B
quartus_asm --read_settings_files=off --write_settings_files=off Lab2_B -c Lab2_B
quartus_sta Lab2_B -c Lab2_B
quartus_eda --read_settings_files=off --write_settings_files=off Lab2_B -c Lab2_B



