EDA Netlist Writer report for Lab2_D_template
Mon Nov 28 15:24:00 2022
Quartus II 64-Bit Version 13.1.0 Build 162 10/23/2013 SJ Full Version


---------------------
; Table of Contents ;
---------------------
  1. Legal Notice
  2. EDA Netlist Writer Summary
  3. Simulation Settings
  4. Simulation Generated Files
  5. EDA Netlist Writer Messages



----------------
; Legal Notice ;
----------------
Copyright (C) 1991-2013 Altera Corporation
Your use of Altera Corporation's design tools, logic functions 
and other software and tools, and its AMPP partner logic 
functions, and any output files from any of the foregoing 
(including device programming or simulation files), and any 
associated documentation or information are expressly subject 
to the terms and conditions of the Altera Program License 
Subscription Agreement, Altera MegaCore Function License 
Agreement, or other applicable license agreement, including, 
without limitation, that your use is for the sole purpose of 
programming logic devices manufactured by Altera and sold by 
Altera or its authorized distributors.  Please refer to the 
applicable agreement for further details.



+-------------------------------------------------------------------+
; EDA Netlist Writer Summary                                        ;
+---------------------------+---------------------------------------+
; EDA Netlist Writer Status ; Successful - Mon Nov 28 15:24:00 2022 ;
; Revision Name             ; Lab2_D_template                       ;
; Top-level Entity Name     ; electronic_dice                       ;
; Family                    ; Cyclone III                           ;
; Simulation Files Creation ; Successful                            ;
+---------------------------+---------------------------------------+


+----------------------------------------------------------------------------------------------------------------------------+
; Simulation Settings                                                                                                        ;
+---------------------------------------------------------------------------------------------------+------------------------+
; Option                                                                                            ; Setting                ;
+---------------------------------------------------------------------------------------------------+------------------------+
; Tool Name                                                                                         ; ModelSim-Altera (VHDL) ;
; Generate netlist for functional simulation only                                                   ; Off                    ;
; Time scale                                                                                        ; 1 ps                   ;
; Truncate long hierarchy paths                                                                     ; Off                    ;
; Map illegal HDL characters                                                                        ; Off                    ;
; Flatten buses into individual nodes                                                               ; Off                    ;
; Maintain hierarchy                                                                                ; Off                    ;
; Bring out device-wide set/reset signals as ports                                                  ; Off                    ;
; Enable glitch filtering                                                                           ; Off                    ;
; Do not write top level VHDL entity                                                                ; Off                    ;
; Disable detection of setup and hold time violations in the input registers of bi-directional pins ; Off                    ;
; Architecture name in VHDL output netlist                                                          ; structure              ;
; Generate third-party EDA tool command script for RTL functional simulation                        ; Off                    ;
; Generate third-party EDA tool command script for gate-level simulation                            ; Off                    ;
+---------------------------------------------------------------------------------------------------+------------------------+


+--------------------------------------------------------------------------------------------------------------------------------------------------------+
; Simulation Generated Files                                                                                                                             ;
+--------------------------------------------------------------------------------------------------------------------------------------------------------+
; Generated Files                                                                                                                                        ;
+--------------------------------------------------------------------------------------------------------------------------------------------------------+
; C:/Users/Asus/Desktop/Laboratorio 2 TyDD2/proyecto/Parte D/Máquina de estado (Template)/simulation/modelsim/Lab2_D_template_7_1200mv_85c_slow.vho      ;
; C:/Users/Asus/Desktop/Laboratorio 2 TyDD2/proyecto/Parte D/Máquina de estado (Template)/simulation/modelsim/Lab2_D_template_7_1200mv_0c_slow.vho       ;
; C:/Users/Asus/Desktop/Laboratorio 2 TyDD2/proyecto/Parte D/Máquina de estado (Template)/simulation/modelsim/Lab2_D_template_min_1200mv_0c_fast.vho     ;
; C:/Users/Asus/Desktop/Laboratorio 2 TyDD2/proyecto/Parte D/Máquina de estado (Template)/simulation/modelsim/Lab2_D_template.vho                        ;
; C:/Users/Asus/Desktop/Laboratorio 2 TyDD2/proyecto/Parte D/Máquina de estado (Template)/simulation/modelsim/Lab2_D_template_7_1200mv_85c_vhd_slow.sdo  ;
; C:/Users/Asus/Desktop/Laboratorio 2 TyDD2/proyecto/Parte D/Máquina de estado (Template)/simulation/modelsim/Lab2_D_template_7_1200mv_0c_vhd_slow.sdo   ;
; C:/Users/Asus/Desktop/Laboratorio 2 TyDD2/proyecto/Parte D/Máquina de estado (Template)/simulation/modelsim/Lab2_D_template_min_1200mv_0c_vhd_fast.sdo ;
; C:/Users/Asus/Desktop/Laboratorio 2 TyDD2/proyecto/Parte D/Máquina de estado (Template)/simulation/modelsim/Lab2_D_template_vhd.sdo                    ;
+--------------------------------------------------------------------------------------------------------------------------------------------------------+


+-----------------------------+
; EDA Netlist Writer Messages ;
+-----------------------------+
Info: *******************************************************************
Info: Running Quartus II 64-Bit EDA Netlist Writer
    Info: Version 13.1.0 Build 162 10/23/2013 SJ Full Version
    Info: Processing started: Mon Nov 28 15:23:59 2022
Info: Command: quartus_eda --read_settings_files=off --write_settings_files=off Lab2_D_template -c Lab2_D_template
Info (204019): Generated file Lab2_D_template_7_1200mv_85c_slow.vho in folder "C:/Users/Asus/Desktop/Laboratorio 2 TyDD2/proyecto/Parte D/Máquina de estado (Template)/simulation/modelsim/" for EDA simulation tool
Info (204019): Generated file Lab2_D_template_7_1200mv_0c_slow.vho in folder "C:/Users/Asus/Desktop/Laboratorio 2 TyDD2/proyecto/Parte D/Máquina de estado (Template)/simulation/modelsim/" for EDA simulation tool
Info (204019): Generated file Lab2_D_template_min_1200mv_0c_fast.vho in folder "C:/Users/Asus/Desktop/Laboratorio 2 TyDD2/proyecto/Parte D/Máquina de estado (Template)/simulation/modelsim/" for EDA simulation tool
Info (204019): Generated file Lab2_D_template.vho in folder "C:/Users/Asus/Desktop/Laboratorio 2 TyDD2/proyecto/Parte D/Máquina de estado (Template)/simulation/modelsim/" for EDA simulation tool
Info (204019): Generated file Lab2_D_template_7_1200mv_85c_vhd_slow.sdo in folder "C:/Users/Asus/Desktop/Laboratorio 2 TyDD2/proyecto/Parte D/Máquina de estado (Template)/simulation/modelsim/" for EDA simulation tool
Info (204019): Generated file Lab2_D_template_7_1200mv_0c_vhd_slow.sdo in folder "C:/Users/Asus/Desktop/Laboratorio 2 TyDD2/proyecto/Parte D/Máquina de estado (Template)/simulation/modelsim/" for EDA simulation tool
Info (204019): Generated file Lab2_D_template_min_1200mv_0c_vhd_fast.sdo in folder "C:/Users/Asus/Desktop/Laboratorio 2 TyDD2/proyecto/Parte D/Máquina de estado (Template)/simulation/modelsim/" for EDA simulation tool
Info (204019): Generated file Lab2_D_template_vhd.sdo in folder "C:/Users/Asus/Desktop/Laboratorio 2 TyDD2/proyecto/Parte D/Máquina de estado (Template)/simulation/modelsim/" for EDA simulation tool
Info: Quartus II 64-Bit EDA Netlist Writer was successful. 0 errors, 0 warnings
    Info: Peak virtual memory: 4580 megabytes
    Info: Processing ended: Mon Nov 28 15:24:00 2022
    Info: Elapsed time: 00:00:01
    Info: Total CPU time (on all processors): 00:00:00


